android/app/build/intermediates/manifest_merge_blame_file/release/manifest-merger-blame-release-report.txt
1<?xml version="1.0" encoding="utf-8"?>
2<manifest xmlns:android="http://schemas.android.com/apk/res/android"
3    package="com.moviesapp"
4    android:versionCode="1"
5    android:versionName="1.0" >
6
7    <uses-sdk
8        android:minSdkVersion="16"
8-->src/main/AndroidManifest.xml
9        android:targetSdkVersion="28" />
9-->src/main/AndroidManifest.xml
10
11    <uses-permission android:name="android.permission.INTERNET" />
11-->src/main/AndroidManifest.xml:4:5-67
11-->src/main/AndroidManifest.xml:4:22-64
12    <uses-permission android:name="com.google.android.finsky.permission.BIND_GET_INSTALL_REFERRER_SERVICE" />
12-->[com.android.installreferrer:installreferrer:1.0] AndroidManifest.xml:9:5-110
12-->[com.android.installreferrer:installreferrer:1.0] AndroidManifest.xml:9:22-107
13
14    <application
14-->src/main/AndroidManifest.xml:6:5-26:19
15        android:name="com.moviesapp.MainApplication"
15-->src/main/AndroidManifest.xml:7:7-38
16        android:allowBackup="false"
16-->src/main/AndroidManifest.xml:11:7-34
17        android:appComponentFactory="androidx.core.app.CoreComponentFactory"
17-->[androidx.core:core:1.1.0] AndroidManifest.xml:24:18-86
18        android:icon="@mipmap/ic_launcher"
18-->src/main/AndroidManifest.xml:9:7-41
19        android:label="@string/app_name"
19-->src/main/AndroidManifest.xml:8:7-39
20        android:roundIcon="@mipmap/ic_launcher_round"
20-->src/main/AndroidManifest.xml:10:7-52
21        android:supportsRtl="true"
21-->[com.facebook.android:facebook-android-sdk:5.15.3] AndroidManifest.xml:28:18-44
22        android:theme="@style/AppTheme" >
22-->src/main/AndroidManifest.xml:12:7-38
23        <meta-data
23-->src/main/AndroidManifest.xml:13:7-105
24            android:name="com.facebook.sdk.ApplicationId"
24-->src/main/AndroidManifest.xml:13:18-63
25            android:value="@string/facebook_app_id" />
25-->src/main/AndroidManifest.xml:13:64-103
26
27        <activity
27-->src/main/AndroidManifest.xml:14:7-24:18
28            android:name="com.moviesapp.MainActivity"
28-->src/main/AndroidManifest.xml:15:9-37
29            android:configChanges="keyboard|keyboardHidden|orientation|screenSize|uiMode"
29-->src/main/AndroidManifest.xml:17:9-86
30            android:label="@string/app_name"
30-->src/main/AndroidManifest.xml:16:9-41
31            android:launchMode="singleTask"
31-->src/main/AndroidManifest.xml:18:9-40
32            android:windowSoftInputMode="adjustResize" >
32-->src/main/AndroidManifest.xml:19:9-51
33            <intent-filter>
33-->src/main/AndroidManifest.xml:20:9-23:25
34                <action android:name="android.intent.action.MAIN" />
34-->src/main/AndroidManifest.xml:21:13-65
34-->src/main/AndroidManifest.xml:21:21-62
35
36                <category android:name="android.intent.category.LAUNCHER" />
36-->src/main/AndroidManifest.xml:22:13-73
36-->src/main/AndroidManifest.xml:22:23-70
37            </intent-filter>
38        </activity>
39        <activity android:name="com.facebook.react.devsupport.DevSettingsActivity" />
39-->src/main/AndroidManifest.xml:25:7-84
39-->src/main/AndroidManifest.xml:25:17-81
40        <activity
40-->[com.google.android.gms:play-services-auth:16.0.1] AndroidManifest.xml:23:9-27:75
41            android:name="com.google.android.gms.auth.api.signin.internal.SignInHubActivity"
41-->[com.google.android.gms:play-services-auth:16.0.1] AndroidManifest.xml:24:13-93
42            android:excludeFromRecents="true"
42-->[com.google.android.gms:play-services-auth:16.0.1] AndroidManifest.xml:25:13-46
43            android:exported="false"
43-->[com.google.android.gms:play-services-auth:16.0.1] AndroidManifest.xml:26:13-37
44            android:theme="@android:style/Theme.Translucent.NoTitleBar" />
44-->[com.google.android.gms:play-services-auth:16.0.1] AndroidManifest.xml:27:13-72
45        <!--
46            Service handling Google Sign-In user revocation. For apps that do not integrate with
47            Google Sign-In, this service will never be started.
48        -->
49        <service
49-->[com.google.android.gms:play-services-auth:16.0.1] AndroidManifest.xml:33:9-36:110
50            android:name="com.google.android.gms.auth.api.signin.RevocationBoundService"
50-->[com.google.android.gms:play-services-auth:16.0.1] AndroidManifest.xml:34:13-89
51            android:exported="true"
51-->[com.google.android.gms:play-services-auth:16.0.1] AndroidManifest.xml:35:13-36
52            android:permission="com.google.android.gms.auth.api.signin.permission.REVOCATION_NOTIFICATION" />
52-->[com.google.android.gms:play-services-auth:16.0.1] AndroidManifest.xml:36:13-107
53
54        <activity
54-->[com.google.android.gms:play-services-base:16.0.1] AndroidManifest.xml:23:9-26:75
55            android:name="com.google.android.gms.common.api.GoogleApiActivity"
55-->[com.google.android.gms:play-services-base:16.0.1] AndroidManifest.xml:24:13-79
56            android:exported="false"
56-->[com.google.android.gms:play-services-base:16.0.1] AndroidManifest.xml:25:13-37
57            android:theme="@android:style/Theme.Translucent.NoTitleBar" />
57-->[com.google.android.gms:play-services-base:16.0.1] AndroidManifest.xml:26:13-72
58
59        <meta-data
59-->[com.google.android.gms:play-services-basement:16.0.1] AndroidManifest.xml:23:9-25:69
60            android:name="com.google.android.gms.version"
60-->[com.google.android.gms:play-services-basement:16.0.1] AndroidManifest.xml:24:13-58
61            android:value="@integer/google_play_services_version" />
61-->[com.google.android.gms:play-services-basement:16.0.1] AndroidManifest.xml:25:13-66
62
63        <activity
63-->[com.facebook.android:facebook-common:7.0.0] AndroidManifest.xml:30:9-33:66
64            android:name="com.facebook.FacebookActivity"
64-->[com.facebook.android:facebook-common:7.0.0] AndroidManifest.xml:31:13-57
65            android:configChanges="keyboard|keyboardHidden|screenLayout|screenSize|orientation"
65-->[com.facebook.android:facebook-common:7.0.0] AndroidManifest.xml:32:13-96
66            android:theme="@style/com_facebook_activity_theme" />
66-->[com.facebook.android:facebook-common:7.0.0] AndroidManifest.xml:33:13-63
67        <activity android:name="com.facebook.CustomTabMainActivity" />
67-->[com.facebook.android:facebook-common:7.0.0] AndroidManifest.xml:34:9-71
67-->[com.facebook.android:facebook-common:7.0.0] AndroidManifest.xml:34:19-68
68        <activity
68-->[com.facebook.android:facebook-common:7.0.0] AndroidManifest.xml:35:9-49:20
69            android:name="com.facebook.CustomTabActivity"
69-->[com.facebook.android:facebook-common:7.0.0] AndroidManifest.xml:36:13-58
70            android:exported="true" >
70-->[com.facebook.android:facebook-common:7.0.0] AndroidManifest.xml:37:13-36
71            <intent-filter>
71-->[com.facebook.android:facebook-common:7.0.0] AndroidManifest.xml:39:13-48:29
72                <action android:name="android.intent.action.VIEW" />
72-->[com.facebook.android:facebook-common:7.0.0] AndroidManifest.xml:40:17-69
72-->[com.facebook.android:facebook-common:7.0.0] AndroidManifest.xml:40:25-66
73
74                <category android:name="android.intent.category.DEFAULT" />
74-->[com.facebook.android:facebook-common:7.0.0] AndroidManifest.xml:42:17-76
74-->[com.facebook.android:facebook-common:7.0.0] AndroidManifest.xml:42:27-73
75                <category android:name="android.intent.category.BROWSABLE" />
75-->[com.facebook.android:facebook-common:7.0.0] AndroidManifest.xml:43:17-78
75-->[com.facebook.android:facebook-common:7.0.0] AndroidManifest.xml:43:27-75
76
77                <data
77-->[com.facebook.android:facebook-common:7.0.0] AndroidManifest.xml:45:17-47:50
78                    android:host="cct.com.moviesapp"
78-->[com.facebook.android:facebook-common:7.0.0] AndroidManifest.xml:46:21-56
79                    android:scheme="fbconnect" />
79-->[com.facebook.android:facebook-common:7.0.0] AndroidManifest.xml:47:21-47
80            </intent-filter>
81        </activity>
82        <!--
83         The initialization ContentProvider will call FacebookSdk.sdkInitialize automatically
84         with the application context. This config is merged in with the host app's manifest,
85         but there can only be one provider with the same authority activated at any given
86         point; so if the end user has two or more different apps that use Facebook SDK, only the
87         first one will be able to use the provider. To work around this problem, we use the
88         following placeholder in the authority to identify each host application as if it was
89         a completely different provider.
90        -->
91        <provider
91-->[com.facebook.android:facebook-core:7.0.0] AndroidManifest.xml:39:9-42:40
92            android:name="com.facebook.internal.FacebookInitProvider"
92-->[com.facebook.android:facebook-core:7.0.0] AndroidManifest.xml:40:13-70
93            android:authorities="com.moviesapp.FacebookInitProvider"
93-->[com.facebook.android:facebook-core:7.0.0] AndroidManifest.xml:41:13-72
94            android:exported="false" />
94-->[com.facebook.android:facebook-core:7.0.0] AndroidManifest.xml:42:13-37
95
96        <receiver
96-->[com.facebook.android:facebook-core:7.0.0] AndroidManifest.xml:44:9-50:20
97            android:name="com.facebook.CurrentAccessTokenExpirationBroadcastReceiver"
97-->[com.facebook.android:facebook-core:7.0.0] AndroidManifest.xml:45:13-86
98            android:exported="false" >
98-->[com.facebook.android:facebook-core:7.0.0] AndroidManifest.xml:46:13-37
99            <intent-filter>
99-->[com.facebook.android:facebook-core:7.0.0] AndroidManifest.xml:47:13-49:29
100                <action android:name="com.facebook.sdk.ACTION_CURRENT_ACCESS_TOKEN_CHANGED" />
100-->[com.facebook.android:facebook-core:7.0.0] AndroidManifest.xml:48:17-95
100-->[com.facebook.android:facebook-core:7.0.0] AndroidManifest.xml:48:25-92
101            </intent-filter>
102        </receiver>
103    </application>
104
105</manifest>